2024-06-24 00:42:15,905 INFO Code Start...
2024-06-24 00:42:15,905 INFO Config Loaded Successfully!
2024-06-24 00:42:15,905 INFO Training Start...
2024-06-24 00:42:15,932 INFO Using device cuda
2024-06-24 00:42:15,932 INFO Make Model Folder Called Weights
2024-06-24 00:42:15,932 INFO Dataset load Starting ...
2024-06-24 00:42:24,984 INFO Loaded IIT Bombay English-Hindi Dataset Successfully!
2024-06-24 00:42:24,984 INFO Create Tokenizer File path Successfully!
2024-06-24 00:42:24,993 INFO Create Tokenizer File path Successfully!
2024-06-24 00:42:25,003 INFO Source and Target Tokenizer Built Successfully!
2024-06-24 00:42:25,004 INFO Splitting dataset Successfully!
2024-06-24 00:42:25,004 INFO Preprocessing with Bilingual Dataset Starting ... 
2024-06-24 00:42:25,005 INFO Preprocessing with Bilingual Dataset Successfully!
2024-06-24 00:42:26,341 INFO Max length of source sentence: 75
2024-06-24 00:42:26,341 INFO Max length of target sentence: 98
2024-06-24 00:42:26,341 INFO Dataset with tokenizer loaded Successfully!
2024-06-24 00:42:26,342 INFO Transformer Building starting ...
2024-06-24 00:42:26,342 INFO Initializing Model on GPU starting ...
2024-06-24 00:42:26,350 INFO Building Transformer ... 
2024-06-24 00:42:26,350 INFO Creating Embedding ... 
2024-06-24 00:42:26,546 INFO Embedding Successfully!
2024-06-24 00:42:26,547 INFO Creating Positional Encoding ... 
2024-06-24 00:42:26,553 INFO Positional Encoding Successfully!
2024-06-24 00:42:26,553 INFO Creating Encoder Block ... 
2024-06-24 00:42:26,553 INFO Creating Multi Head Attention or Self Attention ... 
2024-06-24 00:42:26,553 INFO Creating Feed Forward block ... 
2024-06-24 00:42:26,554 INFO Combine layers into EncoderBlock with Residual Network ... 
2024-06-24 00:42:26,554 INFO Layer Normalization Starting ... 
2024-06-24 00:42:26,671 INFO Creating Encoder Block Successfully!
2024-06-24 00:42:26,672 INFO Creating Decoder Block ... 
2024-06-24 00:42:26,672 INFO Creating Multi Head Attention or Self Attention ... 
2024-06-24 00:42:26,672 INFO Creating Feed Forward block ... 
2024-06-24 00:42:26,672 INFO Combine layers into DecoderBlock with Residual Network ... 
2024-06-24 00:42:26,672 INFO Layer Normalization Starting ... 
2024-06-24 00:42:26,811 INFO Creating Decoder Block Successfully!
2024-06-24 00:42:26,811 INFO Creating the Encoder and Decoder by using the EncoderBlocks and DecoderBlocks Successfully
2024-06-24 00:42:26,890 INFO Creating Projection layer Successfully!
2024-06-24 00:42:26,890 INFO Creating the transformer by combining everything
2024-06-24 00:42:26,891 INFO Parameters Initialization ... 
2024-06-24 00:42:27,384 INFO Model loaded Successfully
2024-06-24 00:42:27,385 INFO Experiment Will show in Runs Folder
2024-06-24 00:42:27,390 INFO Configuration Optimization
2024-06-24 00:42:28,718 INFO Initializing Epochs and Step
2024-06-24 00:42:28,719 INFO Check Pretrain Model is load or Not
2024-06-24 00:42:28,719 INFO Initializing Loss Function
2024-06-24 00:42:28,719 INFO Training loop Start
2024-06-24 00:57:25,805 INFO Evaluate Model Performance
2024-06-24 00:57:26,041 INFO Model Saving in Weights Folder
2024-06-24 01:11:46,530 INFO Evaluate Model Performance
2024-06-24 01:11:47,026 INFO Model Saving in Weights Folder
2024-06-24 01:26:07,486 INFO Evaluate Model Performance
2024-06-24 01:26:07,734 INFO Model Saving in Weights Folder
2024-06-24 01:40:27,561 INFO Evaluate Model Performance
2024-06-24 01:40:27,880 INFO Model Saving in Weights Folder
2024-06-24 01:54:47,947 INFO Evaluate Model Performance
2024-06-24 01:54:48,213 INFO Model Saving in Weights Folder
2024-06-24 02:09:08,154 INFO Evaluate Model Performance
2024-06-24 02:09:08,410 INFO Model Saving in Weights Folder
2024-06-24 02:23:27,855 INFO Evaluate Model Performance
2024-06-24 02:23:28,185 INFO Model Saving in Weights Folder
2024-06-24 02:37:47,821 INFO Evaluate Model Performance
2024-06-24 02:37:48,049 INFO Model Saving in Weights Folder
2024-06-24 02:52:07,332 INFO Evaluate Model Performance
2024-06-24 02:52:07,572 INFO Model Saving in Weights Folder
2024-06-24 03:06:26,541 INFO Evaluate Model Performance
2024-06-24 03:06:26,756 INFO Model Saving in Weights Folder
2024-06-24 03:20:46,069 INFO Evaluate Model Performance
2024-06-24 03:20:46,313 INFO Model Saving in Weights Folder
2024-06-24 03:35:05,081 INFO Evaluate Model Performance
2024-06-24 03:35:05,333 INFO Model Saving in Weights Folder
2024-06-24 03:49:24,105 INFO Evaluate Model Performance
2024-06-24 03:49:24,348 INFO Model Saving in Weights Folder
2024-06-24 04:03:43,042 INFO Evaluate Model Performance
2024-06-24 04:03:43,232 INFO Model Saving in Weights Folder
2024-06-24 04:18:01,382 INFO Evaluate Model Performance
2024-06-24 04:18:01,578 INFO Model Saving in Weights Folder
2024-06-24 04:32:19,618 INFO Evaluate Model Performance
2024-06-24 04:32:19,951 INFO Model Saving in Weights Folder
2024-06-24 04:46:41,348 INFO Evaluate Model Performance
2024-06-24 04:46:41,543 INFO Model Saving in Weights Folder
2024-06-24 05:00:59,394 INFO Evaluate Model Performance
2024-06-24 05:00:59,680 INFO Model Saving in Weights Folder
2024-06-24 05:15:16,936 INFO Evaluate Model Performance
2024-06-24 05:15:17,184 INFO Model Saving in Weights Folder
2024-06-24 05:29:34,730 INFO Evaluate Model Performance
2024-06-24 05:29:34,935 INFO Model Saving in Weights Folder
