2024-06-23 18:56:17,684 INFO Code Start...
2024-06-23 18:56:17,684 INFO Config Loaded Successfully!
2024-06-23 18:56:17,684 INFO Training Start...
2024-06-23 18:56:17,706 INFO Using device cuda
2024-06-23 18:56:17,706 INFO Make Model Folder Called Weights
2024-06-23 18:56:17,707 INFO Dataset load Starting ...
2024-06-23 18:56:32,188 INFO Load Opus_books Dataset Successfully!
2024-06-23 18:56:32,188 INFO Create Tokenizer File path Successfully!
2024-06-23 18:56:32,194 INFO Create Tokenizer File path Successfully!
2024-06-23 18:56:32,203 INFO Source and Target Tokenizer Successfully!
2024-06-23 18:56:32,205 INFO Splitting dataset Successfully!
2024-06-23 18:56:32,205 INFO Preprocessing with Bilingual Dataset Starting ... 
2024-06-23 18:56:32,205 INFO Preprocessing with Bilingual Dataset Successfully!
2024-06-23 18:56:35,688 INFO Max length of source sentence: 309
2024-06-23 18:56:35,688 INFO Max length of target sentence: 274
2024-06-23 18:56:35,689 INFO Dataset with tokenizer loaded Successfully!
2024-06-23 18:56:35,689 INFO Transformer Building starting ...
2024-06-23 18:56:35,689 INFO Initializing Model on GPU starting ...
2024-06-23 18:56:35,693 INFO Building Transformer ... 
2024-06-23 18:56:35,693 INFO Creating Embedding ... 
2024-06-23 18:56:35,810 INFO Embedding Successfully!
2024-06-23 18:56:35,810 INFO Creating Positional Encoding ... 
2024-06-23 18:56:35,816 INFO Positional Encoding Successfully!
2024-06-23 18:56:35,816 INFO Creating Encoder Block ... 
2024-06-23 18:56:35,816 INFO Creating Multi Head Attention or Self Attention ... 
2024-06-23 18:56:35,816 INFO Creating Feed Forward block ... 
2024-06-23 18:56:35,816 INFO Combine layers into EncoderBlock with Residual Network ... 
2024-06-23 18:56:35,817 INFO Layer Normalization Starting ... 
2024-06-23 18:56:35,949 INFO Creating Encoder Block Successfully!
2024-06-23 18:56:35,949 INFO Creating Decoder Block ... 
2024-06-23 18:56:35,949 INFO Creating Multi Head Attention or Self Attention ... 
2024-06-23 18:56:35,949 INFO Creating Feed Forward block ... 
2024-06-23 18:56:35,949 INFO Combine layers into DecoderBlock with Residual Network ... 
2024-06-23 18:56:35,949 INFO Layer Normalization Starting ... 
2024-06-23 18:56:36,083 INFO Creating Decoder Block Successfully!
2024-06-23 18:56:36,084 INFO Creating the Encoder and Decoder by using the EncoderBlocks and DecoderBlocks Successfully
2024-06-23 18:56:36,137 INFO Creating Projection layer Successfully!
2024-06-23 18:56:36,137 INFO Creating the transformer by combining everything
2024-06-23 18:56:36,138 INFO Parameters Initialization ... 
2024-06-23 18:56:36,580 INFO Model loaded Successfully
2024-06-23 18:56:36,580 INFO Experiment Will show in Runs Folder
2024-06-23 18:56:36,586 INFO Configuration Optimization
2024-06-23 18:56:37,960 INFO Initializing Epochs and Step
2024-06-23 18:56:37,960 INFO Check Pretrain Model is load or Not
2024-06-23 18:56:37,960 INFO Initializing Loss Function
2024-06-23 18:56:37,960 INFO Training loop Start
2024-06-23 19:12:42,617 INFO Evaluate Model Performance
2024-06-23 19:12:44,140 INFO Model Saving in Weights Folder
